<?xml version="1.0" encoding="utf-8" standalone="no"?>
<!--This file represents the results of running a test suite-->
<test-results name="C:\Users\William\Desktop\Prak5_Module Praktikum 05\02 tugas\TugasLibraryUnitTest\bin\Debug\TugasLibraryUnitTest.dll" total="2" errors="0" failures="0" not-run="0" inconclusive="0" ignored="0" skipped="0" invalid="0" date="2021-10-27" time="23:28:49">
  <environment nunit-version="2.6.4.14350" clr-version="2.0.50727.9151" os-version="Microsoft Windows NT 6.2.9200.0" platform="Win32NT" cwd="C:\Users\William\Desktop\Prak5_Module Praktikum 05\tools-testing" machine-name="DESKTOP-2N84L4G" user="William" user-domain="DESKTOP-2N84L4G" />
  <culture-info current-culture="en-ID" current-uiculture="en-US" />
  <test-suite type="Assembly" name="C:\Users\William\Desktop\Prak5_Module Praktikum 05\02 tugas\TugasLibraryUnitTest\bin\Debug\TugasLibraryUnitTest.dll" executed="True" result="Success" success="True" time="0.026" asserts="0">
    <results>
      <test-suite type="Namespace" name="TugasLibraryUnitTest" executed="True" result="Success" success="True" time="0.023" asserts="0">
        <results>
          <test-suite type="TestFixture" name="LibraryTest" executed="True" result="Success" success="True" time="0.022" asserts="0">
            <results>
              <test-case name="TugasLibraryUnitTest.LibraryTest.DayTest" executed="True" result="Success" success="True" time="0.013" asserts="1" />
              <test-case name="TugasLibraryUnitTest.LibraryTest.UserTest" executed="True" result="Success" success="True" time="0.000" asserts="1" />
            </results>
          </test-suite>
        </results>
      </test-suite>
    </results>
  </test-suite>
</test-results>